-------------------------------------------------------------------------------
Test set: com.examly.springapp.SpringappApplicationTests
-------------------------------------------------------------------------------
Tests run: 80, Failures: 39, Errors: 0, Skipped: 0, Time elapsed: 4.606 s <<< FAILURE! - in com.examly.springapp.SpringappApplicationTests
com.examly.springapp.SpringappApplicationTests.Day6_testGetJobApplicationById_StatusNotFound  Time elapsed: 0.016 s  <<< FAILURE!
java.lang.AssertionError: 
Response content
Expected: a string containing "Job application not found"
     but: was ""
	at com.examly.springapp.SpringappApplicationTests.Day6_testGetJobApplicationById_StatusNotFound(SpringappApplicationTests.java:373)

com.examly.springapp.SpringappApplicationTests.Day8_test_UserService_File_Exists  Time elapsed: 0.003 s  <<< FAILURE!
org.opentest4j.AssertionFailedError: expected: <true> but was: <false>
	at com.examly.springapp.SpringappApplicationTests.Day8_test_UserService_File_Exists(SpringappApplicationTests.java:506)

com.examly.springapp.SpringappApplicationTests.Day8_test_DepartmentService_File_Exists  Time elapsed: 0.002 s  <<< FAILURE!
org.opentest4j.AssertionFailedError: expected: <true> but was: <false>
	at com.examly.springapp.SpringappApplicationTests.Day8_test_DepartmentService_File_Exists(SpringappApplicationTests.java:512)

com.examly.springapp.SpringappApplicationTests.Day8_test_JobApplicationService_File_Exists  Time elapsed: 0.002 s  <<< FAILURE!
org.opentest4j.AssertionFailedError: expected: <true> but was: <false>
	at com.examly.springapp.SpringappApplicationTests.Day8_test_JobApplicationService_File_Exists(SpringappApplicationTests.java:518)

com.examly.springapp.SpringappApplicationTests.Day8_test_JobPositionService_File_Exists  Time elapsed: 0.001 s  <<< FAILURE!
org.opentest4j.AssertionFailedError: expected: <true> but was: <false>
	at com.examly.springapp.SpringappApplicationTests.Day8_test_JobPositionService_File_Exists(SpringappApplicationTests.java:524)

com.examly.springapp.SpringappApplicationTests.Day8_test_InterviewFeedbackService_File_Exists  Time elapsed: 0.002 s  <<< FAILURE!
org.opentest4j.AssertionFailedError: expected: <true> but was: <false>
	at com.examly.springapp.SpringappApplicationTests.Day8_test_InterviewFeedbackService_File_Exists(SpringappApplicationTests.java:530)

com.examly.springapp.SpringappApplicationTests.Day8_test_UserServiceImpl_File_Exists  Time elapsed: 0.009 s  <<< FAILURE!
org.opentest4j.AssertionFailedError: expected: <true> but was: <false>
	at com.examly.springapp.SpringappApplicationTests.Day8_test_UserServiceImpl_File_Exists(SpringappApplicationTests.java:536)

com.examly.springapp.SpringappApplicationTests.Day8_test_DepartmentServiceImpl_File_Exists  Time elapsed: 0.002 s  <<< FAILURE!
org.opentest4j.AssertionFailedError: expected: <true> but was: <false>
	at com.examly.springapp.SpringappApplicationTests.Day8_test_DepartmentServiceImpl_File_Exists(SpringappApplicationTests.java:542)

com.examly.springapp.SpringappApplicationTests.Day8_test_JobApplicationServiceImpl_File_Exists  Time elapsed: 0.002 s  <<< FAILURE!
org.opentest4j.AssertionFailedError: expected: <true> but was: <false>
	at com.examly.springapp.SpringappApplicationTests.Day8_test_JobApplicationServiceImpl_File_Exists(SpringappApplicationTests.java:548)

com.examly.springapp.SpringappApplicationTests.Day8_test_JobPositionServiceImpl_File_Exists  Time elapsed: 0.002 s  <<< FAILURE!
org.opentest4j.AssertionFailedError: expected: <true> but was: <false>
	at com.examly.springapp.SpringappApplicationTests.Day8_test_JobPositionServiceImpl_File_Exists(SpringappApplicationTests.java:554)

com.examly.springapp.SpringappApplicationTests.Day8_test_InterviewFeedbackServiceImpl_File_Exists  Time elapsed: 0.002 s  <<< FAILURE!
org.opentest4j.AssertionFailedError: expected: <true> but was: <false>
	at com.examly.springapp.SpringappApplicationTests.Day8_test_InterviewFeedbackServiceImpl_File_Exists(SpringappApplicationTests.java:560)

com.examly.springapp.SpringappApplicationTests.Day8_testAddDepartment  Time elapsed: 0.025 s  <<< FAILURE!
java.lang.AssertionError: No value at JSON path "$.departmentName"
	at com.examly.springapp.SpringappApplicationTests.Day8_testAddDepartment(SpringappApplicationTests.java:576)
Caused by: java.lang.IllegalArgumentException: json can not be null or empty
	at com.examly.springapp.SpringappApplicationTests.Day8_testAddDepartment(SpringappApplicationTests.java:576)

com.examly.springapp.SpringappApplicationTests.Day8_testGetAllDepartments  Time elapsed: 0.005 s  <<< FAILURE!
java.lang.AssertionError: No value at JSON path "$[0].departmentName"
	at com.examly.springapp.SpringappApplicationTests.Day8_testGetAllDepartments(SpringappApplicationTests.java:587)
Caused by: java.lang.IllegalArgumentException: json can not be null or empty
	at com.examly.springapp.SpringappApplicationTests.Day8_testGetAllDepartments(SpringappApplicationTests.java:587)

com.examly.springapp.SpringappApplicationTests.Day8_testGetDepartmentById  Time elapsed: 0.005 s  <<< FAILURE!
java.lang.AssertionError: No value at JSON path "$.departmentName"
	at com.examly.springapp.SpringappApplicationTests.Day8_testGetDepartmentById(SpringappApplicationTests.java:597)
Caused by: java.lang.IllegalArgumentException: json can not be null or empty
	at com.examly.springapp.SpringappApplicationTests.Day8_testGetDepartmentById(SpringappApplicationTests.java:597)

com.examly.springapp.SpringappApplicationTests.Day8_testUpdateDepartment  Time elapsed: 0.014 s  <<< FAILURE!
java.lang.AssertionError: No value at JSON path "$.departmentName"
	at com.examly.springapp.SpringappApplicationTests.Day8_testUpdateDepartment(SpringappApplicationTests.java:614)
Caused by: java.lang.IllegalArgumentException: json can not be null or empty
	at com.examly.springapp.SpringappApplicationTests.Day8_testUpdateDepartment(SpringappApplicationTests.java:614)

com.examly.springapp.SpringappApplicationTests.Day9_testPagination_PageNumberApplied  Time elapsed: 0.009 s  <<< FAILURE!
java.lang.AssertionError: Status expected:<200> but was:<404>
	at com.examly.springapp.SpringappApplicationTests.Day9_testPagination_PageNumberApplied(SpringappApplicationTests.java:625)

com.examly.springapp.SpringappApplicationTests.Day9_testPagination_PageSizeApplied  Time elapsed: 0.006 s  <<< FAILURE!
java.lang.AssertionError: Status expected:<200> but was:<404>
	at com.examly.springapp.SpringappApplicationTests.Day9_testPagination_PageSizeApplied(SpringappApplicationTests.java:634)

com.examly.springapp.SpringappApplicationTests.Day9_testPagination_SortingPresent  Time elapsed: 0.005 s  <<< FAILURE!
java.lang.AssertionError: Status expected:<200> but was:<404>
	at com.examly.springapp.SpringappApplicationTests.Day9_testPagination_SortingPresent(SpringappApplicationTests.java:643)

com.examly.springapp.SpringappApplicationTests.Day9_testPagination_ContentArrayExists  Time elapsed: 0.005 s  <<< FAILURE!
java.lang.AssertionError: Status expected:<200> but was:<404>
	at com.examly.springapp.SpringappApplicationTests.Day9_testPagination_ContentArrayExists(SpringappApplicationTests.java:653)

com.examly.springapp.SpringappApplicationTests.Day9_testPagination_TotalElementsExists  Time elapsed: 0.004 s  <<< FAILURE!
java.lang.AssertionError: Status expected:<200> but was:<404>
	at com.examly.springapp.SpringappApplicationTests.Day9_testPagination_TotalElementsExists(SpringappApplicationTests.java:662)

com.examly.springapp.SpringappApplicationTests.Day9_testPagination_TotalPagesExists  Time elapsed: 0.006 s  <<< FAILURE!
java.lang.AssertionError: Status expected:<200> but was:<404>
	at com.examly.springapp.SpringappApplicationTests.Day9_testPagination_TotalPagesExists(SpringappApplicationTests.java:671)

com.examly.springapp.SpringappApplicationTests.Day10_testAddUser  Time elapsed: 0.006 s  <<< FAILURE!
java.lang.AssertionError: Status expected:<201> but was:<400>
	at com.examly.springapp.SpringappApplicationTests.Day10_testAddUser(SpringappApplicationTests.java:691)

com.examly.springapp.SpringappApplicationTests.Day10_testGetAllUsers  Time elapsed: 0.006 s  <<< FAILURE!
java.lang.AssertionError: Status expected:<200> but was:<204>
	at com.examly.springapp.SpringappApplicationTests.Day10_testGetAllUsers(SpringappApplicationTests.java:703)

com.examly.springapp.SpringappApplicationTests.Day10_testGetUserById  Time elapsed: 0.005 s  <<< FAILURE!
java.lang.AssertionError: Status expected:<200> but was:<404>
	at com.examly.springapp.SpringappApplicationTests.Day10_testGetUserById(SpringappApplicationTests.java:716)

com.examly.springapp.SpringappApplicationTests.Day10_testUpdateUser  Time elapsed: 0.006 s  <<< FAILURE!
java.lang.AssertionError: No value at JSON path "$.userId"
	at com.examly.springapp.SpringappApplicationTests.Day10_testUpdateUser(SpringappApplicationTests.java:739)
Caused by: java.lang.IllegalArgumentException: json can not be null or empty
	at com.examly.springapp.SpringappApplicationTests.Day10_testUpdateUser(SpringappApplicationTests.java:739)

com.examly.springapp.SpringappApplicationTests.Day10_testAddJobPosition  Time elapsed: 0.034 s  <<< FAILURE!
java.lang.AssertionError: No value at JSON path "$.positionTitle"
	at com.examly.springapp.SpringappApplicationTests.Day10_testAddJobPosition(SpringappApplicationTests.java:778)
Caused by: java.lang.IllegalArgumentException: json can not be null or empty
	at com.examly.springapp.SpringappApplicationTests.Day10_testAddJobPosition(SpringappApplicationTests.java:778)

com.examly.springapp.SpringappApplicationTests.Day10_testGetAllJobPositions  Time elapsed: 0.005 s  <<< FAILURE!
java.lang.AssertionError: No value at JSON path "$[0].positionTitle"
	at com.examly.springapp.SpringappApplicationTests.Day10_testGetAllJobPositions(SpringappApplicationTests.java:791)
Caused by: java.lang.IllegalArgumentException: json can not be null or empty
	at com.examly.springapp.SpringappApplicationTests.Day10_testGetAllJobPositions(SpringappApplicationTests.java:791)

com.examly.springapp.SpringappApplicationTests.Day10_testGetJobPositionById  Time elapsed: 0.005 s  <<< FAILURE!
java.lang.AssertionError: No value at JSON path "$.positionTitle"
	at com.examly.springapp.SpringappApplicationTests.Day10_testGetJobPositionById(SpringappApplicationTests.java:802)
Caused by: java.lang.IllegalArgumentException: json can not be null or empty
	at com.examly.springapp.SpringappApplicationTests.Day10_testGetJobPositionById(SpringappApplicationTests.java:802)

com.examly.springapp.SpringappApplicationTests.Day10_testUpdateJobPosition  Time elapsed: 0.005 s  <<< FAILURE!
java.lang.AssertionError: No value at JSON path "$.positionTitle"
	at com.examly.springapp.SpringappApplicationTests.Day10_testUpdateJobPosition(SpringappApplicationTests.java:823)
Caused by: java.lang.IllegalArgumentException: json can not be null or empty
	at com.examly.springapp.SpringappApplicationTests.Day10_testUpdateJobPosition(SpringappApplicationTests.java:823)

com.examly.springapp.SpringappApplicationTests.Day11_testSearchJobPositions  Time elapsed: 0.006 s  <<< FAILURE!
java.lang.AssertionError: Status expected:<200> but was:<404>
	at com.examly.springapp.SpringappApplicationTests.Day11_testSearchJobPositions(SpringappApplicationTests.java:850)

com.examly.springapp.SpringappApplicationTests.Day12_testAddInterviewFeedback  Time elapsed: 0.004 s  <<< FAILURE!
java.lang.AssertionError: Status expected:<201> but was:<400>
	at com.examly.springapp.SpringappApplicationTests.Day12_testAddInterviewFeedback(SpringappApplicationTests.java:871)

com.examly.springapp.SpringappApplicationTests.Day12_testGetAllInterviewFeedbacks  Time elapsed: 0.005 s  <<< FAILURE!
java.lang.AssertionError: Status expected:<200> but was:<404>
	at com.examly.springapp.SpringappApplicationTests.Day12_testGetAllInterviewFeedbacks(SpringappApplicationTests.java:915)

com.examly.springapp.SpringappApplicationTests.Day12_testGetInterviewFeedbackById  Time elapsed: 0.005 s  <<< FAILURE!
java.lang.AssertionError: Status expected:<200> but was:<404>
	at com.examly.springapp.SpringappApplicationTests.Day12_testGetInterviewFeedbackById(SpringappApplicationTests.java:926)

com.examly.springapp.SpringappApplicationTests.Day12_testUpdateInterviewFeedback  Time elapsed: 0.005 s  <<< FAILURE!
java.lang.AssertionError: Status expected:<200> but was:<404>
	at com.examly.springapp.SpringappApplicationTests.Day12_testUpdateInterviewFeedback(SpringappApplicationTests.java:945)

com.examly.springapp.SpringappApplicationTests.Day12_testGetFeedbacksByJobApplication  Time elapsed: 0.004 s  <<< FAILURE!
java.lang.AssertionError: Status expected:<200> but was:<404>
	at com.examly.springapp.SpringappApplicationTests.Day12_testGetFeedbacksByJobApplication(SpringappApplicationTests.java:956)

com.examly.springapp.SpringappApplicationTests.Day13_test_execption_Directory_Exists  Time elapsed: 0.002 s  <<< FAILURE!
org.opentest4j.AssertionFailedError: expected: <true> but was: <false>
	at com.examly.springapp.SpringappApplicationTests.Day13_test_execption_Directory_Exists(SpringappApplicationTests.java:971)

com.examly.springapp.SpringappApplicationTests.Day13_test_GloabalEception_File_Exists  Time elapsed: 0.002 s  <<< FAILURE!
org.opentest4j.AssertionFailedError: expected: <true> but was: <false>
	at com.examly.springapp.SpringappApplicationTests.Day13_test_GloabalEception_File_Exists(SpringappApplicationTests.java:979)

com.examly.springapp.SpringappApplicationTests.Day14test_configuartion_Directory_Exists  Time elapsed: 0.002 s  <<< FAILURE!
org.opentest4j.AssertionFailedError: expected: <true> but was: <false>
	at com.examly.springapp.SpringappApplicationTests.Day14test_configuartion_Directory_Exists(SpringappApplicationTests.java:986)

com.examly.springapp.SpringappApplicationTests.Day15_testAOPLogFileExists  Time elapsed: 0.002 s  <<< FAILURE!
org.opentest4j.AssertionFailedError: expected: <true> but was: <false>
	at com.examly.springapp.SpringappApplicationTests.Day15_testAOPLogFileExists(SpringappApplicationTests.java:993)

