-------------------------------------------------------------------------------
Test set: com.examly.springapp.SpringappApplicationTests
-------------------------------------------------------------------------------
Tests run: 80, Failures: 13, Errors: 0, Skipped: 0, Time elapsed: 3.696 s <<< FAILURE! - in com.examly.springapp.SpringappApplicationTests
com.examly.springapp.SpringappApplicationTests.Day6_testGetAllJobApplications_StatusNoContent  Time elapsed: 0.098 s  <<< FAILURE!
java.lang.AssertionError: Status expected:<204> but was:<200>
	at com.examly.springapp.SpringappApplicationTests.Day6_testGetAllJobApplications_StatusNoContent(SpringappApplicationTests.java:365)

com.examly.springapp.SpringappApplicationTests.Day8_testGetAllDepartments  Time elapsed: 0.01 s  <<< FAILURE!
java.lang.AssertionError: JSON path "$[0].departmentName" expected:<Engineering Department> but was:<Software Engineering Department>
	at com.examly.springapp.SpringappApplicationTests.Day8_testGetAllDepartments(SpringappApplicationTests.java:587)

com.examly.springapp.SpringappApplicationTests.Day8_testGetDepartmentById  Time elapsed: 0.009 s  <<< FAILURE!
java.lang.AssertionError: JSON path "$.departmentName" expected:<Engineering Department> but was:<Software Engineering Department>
	at com.examly.springapp.SpringappApplicationTests.Day8_testGetDepartmentById(SpringappApplicationTests.java:597)

com.examly.springapp.SpringappApplicationTests.Day10_testAddJobPosition  Time elapsed: 0.031 s  <<< FAILURE!
java.lang.AssertionError: Status expected:<201> but was:<500>
	at com.examly.springapp.SpringappApplicationTests.Day10_testAddJobPosition(SpringappApplicationTests.java:777)

com.examly.springapp.SpringappApplicationTests.Day10_testGetAllJobPositions  Time elapsed: 0.009 s  <<< FAILURE!
java.lang.AssertionError: No value at JSON path "$[0].positionTitle"
	at com.examly.springapp.SpringappApplicationTests.Day10_testGetAllJobPositions(SpringappApplicationTests.java:791)
Caused by: com.jayway.jsonpath.PathNotFoundException: No results for path: $[0]['positionTitle']

com.examly.springapp.SpringappApplicationTests.Day10_testGetJobPositionById  Time elapsed: 0.006 s  <<< FAILURE!
java.lang.AssertionError: Status expected:<200> but was:<404>
	at com.examly.springapp.SpringappApplicationTests.Day10_testGetJobPositionById(SpringappApplicationTests.java:801)

com.examly.springapp.SpringappApplicationTests.Day10_testUpdateJobPosition  Time elapsed: 0.016 s  <<< FAILURE!
java.lang.AssertionError: Status expected:<200> but was:<404>
	at com.examly.springapp.SpringappApplicationTests.Day10_testUpdateJobPosition(SpringappApplicationTests.java:822)

com.examly.springapp.SpringappApplicationTests.Day11_testSearchJobPositions  Time elapsed: 0.006 s  <<< FAILURE!
java.lang.AssertionError: Status expected:<201> but was:<500>
	at com.examly.springapp.SpringappApplicationTests.Day11_testSearchJobPositions(SpringappApplicationTests.java:844)

com.examly.springapp.SpringappApplicationTests.Day12_testAddInterviewFeedback  Time elapsed: 0.011 s  <<< FAILURE!
java.lang.AssertionError: Status expected:<201> but was:<200>
	at com.examly.springapp.SpringappApplicationTests.Day12_testAddInterviewFeedback(SpringappApplicationTests.java:887)

com.examly.springapp.SpringappApplicationTests.Day12_testGetAllInterviewFeedbacks  Time elapsed: 0.006 s  <<< FAILURE!
java.lang.AssertionError: Status expected:<200> but was:<404>
	at com.examly.springapp.SpringappApplicationTests.Day12_testGetAllInterviewFeedbacks(SpringappApplicationTests.java:915)

com.examly.springapp.SpringappApplicationTests.Day12_testGetInterviewFeedbackById  Time elapsed: 0.003 s  <<< FAILURE!
java.lang.AssertionError: Status expected:<200> but was:<404>
	at com.examly.springapp.SpringappApplicationTests.Day12_testGetInterviewFeedbackById(SpringappApplicationTests.java:926)

com.examly.springapp.SpringappApplicationTests.Day12_testUpdateInterviewFeedback  Time elapsed: 0.002 s  <<< FAILURE!
java.lang.AssertionError: Status expected:<200> but was:<404>
	at com.examly.springapp.SpringappApplicationTests.Day12_testUpdateInterviewFeedback(SpringappApplicationTests.java:945)

com.examly.springapp.SpringappApplicationTests.Day12_testGetFeedbacksByJobApplication  Time elapsed: 0.003 s  <<< FAILURE!
java.lang.AssertionError: Status expected:<200> but was:<404>
	at com.examly.springapp.SpringappApplicationTests.Day12_testGetFeedbacksByJobApplication(SpringappApplicationTests.java:956)

